TN:
SF:src/constants/api.ts
FN:22,(anonymous_0)
FN:23,(anonymous_1)
FN:24,(anonymous_2)
FNF:3
FNH:2
FNDA:0,(anonymous_0)
FNDA:3,(anonymous_1)
FNDA:3,(anonymous_2)
DA:1,3
DA:6,3
DA:22,0
DA:23,3
DA:24,3
LF:5
LH:4
BRF:0
BRH:0
end_of_record
TN:
SF:src/features/auth/authSlice.ts
FN:70,(anonymous_1)
FN:75,(anonymous_2)
FN:80,(anonymous_3)
FN:87,(anonymous_4)
FN:93,(anonymous_5)
FN:101,(anonymous_6)
FN:107,(anonymous_7)
FN:111,(anonymous_8)
FN:115,(anonymous_9)
FN:121,(anonymous_10)
FN:126,(anonymous_11)
FN:132,(anonymous_12)
FN:139,(anonymous_13)
FN:144,(anonymous_14)
FN:156,(anonymous_15)
FN:168,(anonymous_16)
FN:171,(anonymous_17)
FN:175,(anonymous_18)
FN:180,(anonymous_19)
FN:196,(anonymous_20)
FN:199,(anonymous_21)
FN:200,(anonymous_22)
FN:201,(anonymous_23)
FN:202,(anonymous_24)
FN:203,(anonymous_25)
FN:204,(anonymous_26)
FN:205,(anonymous_27)
FN:206,(anonymous_28)
FN:207,(anonymous_29)
FN:208,(anonymous_30)
FN:209,(anonymous_31)
FN:214,(anonymous_32)
FN:217,(anonymous_33)
FN:219,(anonymous_34)
FN:220,(anonymous_35)
FN:228,(anonymous_36)
FN:231,(anonymous_37)
FN:233,(anonymous_38)
FN:241,(anonymous_39)
FN:249,(anonymous_40)
FN:252,(anonymous_41)
FN:254,(anonymous_42)
FN:258,(anonymous_43)
FN:266,(anonymous_44)
FN:269,(anonymous_45)
FN:271,(anonymous_46)
FN:285,(anonymous_47)
FN:293,(anonymous_48)
FN:296,(anonymous_49)
FN:298,(anonymous_50)
FN:304,(anonymous_51)
FNF:51
FNH:25
FNDA:1,(anonymous_1)
FNDA:1,(anonymous_2)
FNDA:1,(anonymous_3)
FNDA:1,(anonymous_4)
FNDA:1,(anonymous_5)
FNDA:1,(anonymous_6)
FNDA:0,(anonymous_7)
FNDA:0,(anonymous_8)
FNDA:0,(anonymous_9)
FNDA:0,(anonymous_10)
FNDA:0,(anonymous_11)
FNDA:0,(anonymous_12)
FNDA:0,(anonymous_13)
FNDA:0,(anonymous_14)
FNDA:0,(anonymous_15)
FNDA:0,(anonymous_16)
FNDA:0,(anonymous_17)
FNDA:2,(anonymous_18)
FNDA:1,(anonymous_19)
FNDA:17,(anonymous_20)
FNDA:2,(anonymous_21)
FNDA:3,(anonymous_22)
FNDA:0,(anonymous_23)
FNDA:3,(anonymous_24)
FNDA:2,(anonymous_25)
FNDA:2,(anonymous_26)
FNDA:0,(anonymous_27)
FNDA:0,(anonymous_28)
FNDA:0,(anonymous_29)
FNDA:0,(anonymous_30)
FNDA:0,(anonymous_31)
FNDA:6,(anonymous_32)
FNDA:3,(anonymous_33)
FNDA:1,(anonymous_34)
FNDA:2,(anonymous_35)
FNDA:6,(anonymous_36)
FNDA:3,(anonymous_37)
FNDA:1,(anonymous_38)
FNDA:2,(anonymous_39)
FNDA:6,(anonymous_40)
FNDA:0,(anonymous_41)
FNDA:0,(anonymous_42)
FNDA:0,(anonymous_43)
FNDA:6,(anonymous_44)
FNDA:0,(anonymous_45)
FNDA:0,(anonymous_46)
FNDA:0,(anonymous_47)
FNDA:6,(anonymous_48)
FNDA:0,(anonymous_49)
FNDA:0,(anonymous_50)
FNDA:0,(anonymous_51)
DA:1,1
DA:2,1
DA:3,1
DA:4,1
DA:6,1
DA:7,1
DA:8,1
DA:9,1
DA:10,1
DA:11,1
DA:43,1
DA:65,1
DA:71,1
DA:72,1
DA:73,1
DA:76,1
DA:77,1
DA:78,1
DA:81,1
DA:82,1
DA:83,1
DA:88,1
DA:89,1
DA:90,1
DA:91,1
DA:94,1
DA:95,1
DA:96,1
DA:97,1
DA:98,1
DA:99,1
DA:102,1
DA:103,1
DA:108,0
DA:109,0
DA:112,0
DA:113,0
DA:116,0
DA:117,0
DA:122,0
DA:123,0
DA:124,0
DA:127,0
DA:128,0
DA:129,0
DA:130,0
DA:133,0
DA:134,0
DA:135,0
DA:140,0
DA:141,0
DA:142,0
DA:146,0
DA:147,0
DA:148,0
DA:149,0
DA:150,0
DA:151,0
DA:152,0
DA:153,0
DA:154,0
DA:158,0
DA:159,0
DA:160,0
DA:161,0
DA:162,0
DA:163,0
DA:164,0
DA:169,0
DA:172,0
DA:173,0
DA:176,2
DA:181,1
DA:182,1
DA:183,1
DA:184,1
DA:185,1
DA:186,1
DA:191,1
DA:192,1
DA:196,17
DA:198,1
DA:199,2
DA:200,3
DA:201,0
DA:202,3
DA:203,2
DA:204,2
DA:205,0
DA:206,0
DA:207,0
DA:208,0
DA:209,0
DA:214,1
DA:215,6
DA:218,3
DA:219,1
DA:221,2
DA:222,2
DA:228,1
DA:229,6
DA:232,3
DA:234,1
DA:235,1
DA:236,1
DA:242,2
DA:243,2
DA:249,1
DA:250,6
DA:253,0
DA:255,0
DA:256,0
DA:259,0
DA:260,0
DA:266,1
DA:267,6
DA:270,0
DA:272,0
DA:273,0
DA:275,0
DA:277,0
DA:283,0
DA:286,0
DA:287,0
DA:293,1
DA:294,6
DA:297,0
DA:300,0
DA:301,0
DA:302,0
DA:306,0
DA:307,0
DA:308,0
DA:309,0
DA:315,1
LF:135
LH:70
BRDA:209,0,0,0
BRDA:209,0,1,0
BRDA:221,1,0,2
BRDA:221,1,1,1
BRDA:242,2,0,2
BRDA:242,2,1,1
BRDA:259,3,0,0
BRDA:259,3,1,0
BRDA:275,4,0,0
BRDA:275,4,1,0
BRDA:286,5,0,0
BRDA:286,5,1,0
BRDA:308,6,0,0
BRDA:308,6,1,0
BRF:14
BRH:4
end_of_record
TN:
SF:src/features/profile/profileSlice.ts
FN:41,(anonymous_1)
FN:45,(anonymous_2)
FN:50,(anonymous_3)
FN:55,(anonymous_4)
FN:59,(anonymous_5)
FN:64,(anonymous_6)
FN:69,(anonymous_7)
FN:74,(anonymous_8)
FN:80,(anonymous_9)
FN:85,(anonymous_10)
FN:95,(anonymous_11)
FN:98,(anonymous_12)
FN:99,(anonymous_13)
FN:102,(anonymous_14)
FN:106,(anonymous_15)
FN:108,(anonymous_16)
FN:111,(anonymous_17)
FN:114,(anonymous_18)
FN:116,(anonymous_19)
FN:117,(anonymous_20)
FN:125,(anonymous_21)
FN:128,(anonymous_22)
FN:130,(anonymous_23)
FN:132,(anonymous_24)
FN:134,(anonymous_25)
FN:140,(anonymous_26)
FN:141,(anonymous_27)
FN:146,(anonymous_28)
FN:149,(anonymous_29)
FN:167,(anonymous_30)
FN:168,(anonymous_31)
FNF:31
FNH:25
FNDA:1,(anonymous_1)
FNDA:1,(anonymous_2)
FNDA:1,(anonymous_3)
FNDA:1,(anonymous_4)
FNDA:1,(anonymous_5)
FNDA:1,(anonymous_6)
FNDA:1,(anonymous_7)
FNDA:1,(anonymous_8)
FNDA:1,(anonymous_9)
FNDA:2,(anonymous_10)
FNDA:15,(anonymous_11)
FNDA:2,(anonymous_12)
FNDA:2,(anonymous_13)
FNDA:2,(anonymous_14)
FNDA:2,(anonymous_15)
FNDA:2,(anonymous_16)
FNDA:6,(anonymous_17)
FNDA:3,(anonymous_18)
FNDA:1,(anonymous_19)
FNDA:2,(anonymous_20)
FNDA:6,(anonymous_21)
FNDA:0,(anonymous_22)
FNDA:0,(anonymous_23)
FNDA:0,(anonymous_24)
FNDA:0,(anonymous_25)
FNDA:0,(anonymous_26)
FNDA:0,(anonymous_27)
FNDA:6,(anonymous_28)
FNDA:3,(anonymous_29)
FNDA:2,(anonymous_30)
FNDA:1,(anonymous_31)
DA:1,1
DA:2,1
DA:3,1
DA:4,1
DA:7,1
DA:9,1
DA:10,1
DA:11,1
DA:25,1
DA:37,1
DA:42,1
DA:43,1
DA:46,1
DA:47,1
DA:48,1
DA:51,1
DA:52,1
DA:56,1
DA:57,1
DA:60,1
DA:61,1
DA:62,1
DA:65,1
DA:66,1
DA:70,1
DA:71,1
DA:72,1
DA:75,1
DA:76,1
DA:77,1
DA:78,1
DA:81,1
DA:82,1
DA:86,2
DA:91,1
DA:93,1
DA:95,15
DA:97,1
DA:98,2
DA:99,2
DA:102,2
DA:106,2
DA:108,2
DA:111,1
DA:112,6
DA:115,3
DA:116,1
DA:118,2
DA:119,2
DA:125,1
DA:126,6
DA:129,0
DA:131,0
DA:133,0
DA:134,0
DA:135,0
DA:136,0
DA:140,0
DA:141,0
DA:146,1
DA:147,6
DA:150,3
DA:151,3
DA:152,3
DA:154,3
DA:155,3
DA:156,1
DA:157,2
DA:158,0
DA:161,3
DA:162,3
DA:167,2
DA:169,1
DA:170,1
DA:176,1
LF:75
LH:66
BRDA:118,0,0,2
BRDA:118,0,1,1
BRDA:155,1,0,1
BRDA:155,1,1,2
BRDA:157,2,0,0
BRDA:157,2,1,2
BRDA:169,3,0,1
BRDA:169,3,1,0
BRF:8
BRH:6
end_of_record
TN:
SF:src/features/tasks/tasksSlice.ts
FN:58,(anonymous_1)
FN:62,(anonymous_2)
FN:66,(anonymous_3)
FN:72,(anonymous_4)
FN:77,(anonymous_5)
FN:82,(anonymous_6)
FN:89,(anonymous_7)
FN:94,(anonymous_8)
FN:98,(anonymous_9)
FN:105,(anonymous_10)
FN:110,(anonymous_11)
FN:114,(anonymous_12)
FN:121,(anonymous_13)
FN:125,(anonymous_14)
FN:130,(anonymous_15)
FN:133,(anonymous_16)
FN:144,(anonymous_17)
FN:151,(anonymous_18)
FN:152,(anonymous_19)
FN:153,(anonymous_20)
FN:154,(anonymous_21)
FN:155,(anonymous_22)
FN:156,(anonymous_23)
FN:159,(anonymous_24)
FN:164,(anonymous_25)
FN:166,(anonymous_26)
FN:168,(anonymous_27)
FN:170,(anonymous_28)
FN:173,(anonymous_29)
FN:190,(anonymous_30)
FN:200,(anonymous_31)
FN:203,(anonymous_32)
FN:205,(anonymous_33)
FN:206,(anonymous_34)
FN:213,(anonymous_35)
FN:216,(anonymous_36)
FN:218,(anonymous_37)
FN:219,(anonymous_38)
FN:226,(anonymous_39)
FN:229,(anonymous_40)
FN:231,(anonymous_41)
FN:232,(anonymous_42)
FN:239,(anonymous_43)
FN:242,(anonymous_44)
FN:244,(anonymous_45)
FN:245,(anonymous_46)
FNF:46
FNH:46
FNDA:1,(anonymous_1)
FNDA:1,(anonymous_2)
FNDA:1,(anonymous_3)
FNDA:1,(anonymous_4)
FNDA:1,(anonymous_5)
FNDA:1,(anonymous_6)
FNDA:1,(anonymous_7)
FNDA:1,(anonymous_8)
FNDA:1,(anonymous_9)
FNDA:1,(anonymous_10)
FNDA:1,(anonymous_11)
FNDA:1,(anonymous_12)
FNDA:1,(anonymous_13)
FNDA:2,(anonymous_14)
FNDA:1,(anonymous_15)
FNDA:1,(anonymous_16)
FNDA:33,(anonymous_17)
FNDA:2,(anonymous_18)
FNDA:2,(anonymous_19)
FNDA:2,(anonymous_20)
FNDA:2,(anonymous_21)
FNDA:4,(anonymous_22)
FNDA:2,(anonymous_23)
FNDA:7,(anonymous_24)
FNDA:3,(anonymous_25)
FNDA:3,(anonymous_26)
FNDA:3,(anonymous_27)
FNDA:3,(anonymous_28)
FNDA:9,(anonymous_29)
FNDA:4,(anonymous_30)
FNDA:12,(anonymous_31)
FNDA:3,(anonymous_32)
FNDA:1,(anonymous_33)
FNDA:2,(anonymous_34)
FNDA:12,(anonymous_35)
FNDA:3,(anonymous_36)
FNDA:1,(anonymous_37)
FNDA:2,(anonymous_38)
FNDA:12,(anonymous_39)
FNDA:3,(anonymous_40)
FNDA:1,(anonymous_41)
FNDA:2,(anonymous_42)
FNDA:12,(anonymous_43)
FNDA:3,(anonymous_44)
FNDA:1,(anonymous_45)
FNDA:2,(anonymous_46)
DA:1,1
DA:2,1
DA:3,1
DA:4,1
DA:5,1
DA:6,1
DA:29,1
DA:53,1
DA:59,1
DA:60,1
DA:63,1
DA:64,1
DA:67,1
DA:68,1
DA:73,1
DA:74,1
DA:75,1
DA:78,1
DA:79,1
DA:80,1
DA:83,1
DA:84,1
DA:85,1
DA:90,1
DA:91,1
DA:92,1
DA:95,1
DA:96,1
DA:99,1
DA:100,1
DA:101,1
DA:106,1
DA:107,1
DA:108,1
DA:111,1
DA:112,1
DA:115,1
DA:116,1
DA:117,1
DA:122,1
DA:126,2
DA:131,1
DA:134,1
DA:139,1
DA:140,1
DA:144,33
DA:146,1
DA:150,1
DA:151,2
DA:152,2
DA:153,2
DA:154,2
DA:155,4
DA:156,2
DA:160,7
DA:163,7
DA:164,3
DA:165,7
DA:166,3
DA:167,7
DA:168,3
DA:169,7
DA:170,3
DA:173,7
DA:174,9
DA:175,9
DA:176,2
DA:177,7
DA:178,3
DA:179,4
DA:180,0
DA:182,4
DA:184,9
DA:187,7
DA:191,4
DA:200,1
DA:201,12
DA:204,3
DA:205,1
DA:206,2
DA:213,1
DA:214,12
DA:217,3
DA:218,1
DA:219,2
DA:226,1
DA:227,12
DA:230,3
DA:231,1
DA:232,2
DA:239,1
DA:240,12
DA:243,3
DA:244,1
DA:245,2
DA:252,1
LF:96
LH:95
BRDA:163,0,0,1
BRDA:163,0,1,6
BRDA:165,1,0,1
BRDA:165,1,1,6
BRDA:167,2,0,1
BRDA:167,2,1,6
BRDA:169,3,0,1
BRDA:169,3,1,6
BRDA:175,4,0,2
BRDA:175,4,1,7
BRDA:177,5,0,3
BRDA:177,5,1,4
BRDA:179,6,0,0
BRDA:179,6,1,4
BRDA:184,7,0,7
BRDA:184,7,1,2
BRDA:191,8,0,4
BRDA:191,8,1,3
BRDA:191,8,2,2
BRDA:191,8,3,1
BRDA:207,9,0,2
BRDA:207,9,1,1
BRDA:220,10,0,2
BRDA:220,10,1,1
BRDA:233,11,0,2
BRDA:233,11,1,1
BRDA:246,12,0,2
BRDA:246,12,1,1
BRF:28
BRH:27
end_of_record
TN:
SF:src/models/index.ts
FNF:0
FNH:0
DA:1,1
DA:2,1
DA:3,1
DA:4,1
LF:4
LH:4
BRF:0
BRH:0
end_of_record
TN:
SF:src/models/requestStatus.ts
FN:1,(anonymous_0)
FNF:1
FNH:1
FNDA:1,(anonymous_0)
DA:1,1
DA:2,1
DA:3,1
DA:4,1
DA:5,1
LF:5
LH:5
BRDA:1,0,0,1
BRDA:1,0,1,1
BRF:2
BRH:2
end_of_record
TN:
SF:src/models/task.ts
FNF:0
FNH:0
DA:32,1
DA:33,1
LF:2
LH:2
BRF:0
BRH:0
end_of_record
TN:
SF:src/utils/profileFile.ts
FN:4,(anonymous_0)
FN:7,(anonymous_1)
FN:8,(anonymous_2)
FNF:3
FNH:0
FNDA:0,(anonymous_0)
FNDA:0,(anonymous_1)
FNDA:0,(anonymous_2)
DA:1,1
DA:3,1
DA:5,0
DA:7,0
DA:9,0
LF:5
LH:2
BRF:0
BRH:0
end_of_record
